<?xml version="1.0" encoding="UTF-8"?>
<testng-results skipped="0" failed="0" ignored="0" total="2" passed="2">
  <reporter-output>
  </reporter-output>
  <suite name="UserTimeLine Suite" duration-ms="7005" started-at="2019-02-16T17:16:19Z" finished-at="2019-02-16T17:16:26Z">
    <groups>
    </groups>
    <test name="RestAssured Test" duration-ms="7005" started-at="2019-02-16T17:16:19Z" finished-at="2019-02-16T17:16:26Z">
      <class name="com.tweeter.statuses.UserTimeLineTest">
        <test-method status="PASS" signature="setUp()[pri:0, instance:com.tweeter.statuses.UserTimeLineTest@34ce8af7]" name="setUp" is-config="true" duration-ms="1737" started-at="2019-02-16T17:16:19Z" finished-at="2019-02-16T17:16:20Z">
          <reporter-output>
          </reporter-output>
        </test-method> <!-- setUp -->
        <test-method status="PASS" signature="readTweetsOne()[pri:0, instance:com.tweeter.statuses.UserTimeLineTest@34ce8af7]" name="readTweetsOne" duration-ms="4471" started-at="2019-02-16T17:16:20Z" finished-at="2019-02-16T17:16:25Z">
          <reporter-output>
          </reporter-output>
        </test-method> <!-- readTweetsOne -->
        <test-method status="PASS" signature="readTweetsTwo()[pri:0, instance:com.tweeter.statuses.UserTimeLineTest@34ce8af7]" name="readTweetsTwo" duration-ms="757" started-at="2019-02-16T17:16:25Z" finished-at="2019-02-16T17:16:26Z">
          <reporter-output>
          </reporter-output>
        </test-method> <!-- readTweetsTwo -->
      </class> <!-- com.tweeter.statuses.UserTimeLineTest -->
    </test> <!-- RestAssured Test -->
  </suite> <!-- UserTimeLine Suite -->
</testng-results>
